<?xml version="1.0" encoding="UTF-8"?>
<!-- Generated by org.testng.reporters.JUnitXMLReporter -->
<testsuite ignored="0" hostname="DESKTOP-E21CFT6" failures="0" tests="3" name="Default test" time="101.961" errors="0" timestamp="2023-09-11T10:05:33 IST">
  <testcase classname="TC_EXECUTION.TC_executioin_TNG" name="First_TC" time="35.394"/>
  <testcase classname="TC_EXECUTION.TC_executioin_TNG" name="Second_TC" time="28.845"/>
  <testcase classname="TC_EXECUTION.TC_executioin_TNG" name="Third_TC" time="31.064"/>
</testsuite> <!-- Default test -->
