<?xml version="1.0" encoding="UTF-8"?>
<testng-results ignored="0" total="3" passed="3" failed="0" skipped="0">
  <reporter-output>
  </reporter-output>
  <suite started-at="2023-09-11T10:03:51 IST" name="Default suite" finished-at="2023-09-11T10:05:33 IST" duration-ms="101961">
    <groups>
    </groups>
    <test started-at="2023-09-11T10:03:51 IST" name="Default test" finished-at="2023-09-11T10:05:33 IST" duration-ms="101961">
      <class name="TC_EXECUTION.TC_executioin_TNG">
        <test-method is-config="true" signature="pre_condition()[pri:0, instance:TC_EXECUTION.TC_executioin_TNG@69c81773]" started-at="2023-09-11T10:03:51 IST" name="pre_condition" finished-at="2023-09-11T10:03:57 IST" duration-ms="6618" status="PASS">
          <reporter-output>
          </reporter-output>
        </test-method> <!-- pre_condition -->
        <test-method signature="First_TC()[pri:1, instance:TC_EXECUTION.TC_executioin_TNG@69c81773]" started-at="2023-09-11T10:03:57 IST" name="First_TC" finished-at="2023-09-11T10:04:33 IST" duration-ms="35394" status="PASS">
          <reporter-output>
          </reporter-output>
        </test-method> <!-- First_TC -->
        <test-method signature="Second_TC()[pri:2, instance:TC_EXECUTION.TC_executioin_TNG@69c81773]" started-at="2023-09-11T10:04:33 IST" name="Second_TC" finished-at="2023-09-11T10:05:02 IST" duration-ms="28845" status="PASS">
          <reporter-output>
          </reporter-output>
        </test-method> <!-- Second_TC -->
        <test-method signature="Third_TC()[pri:3, instance:TC_EXECUTION.TC_executioin_TNG@69c81773]" started-at="2023-09-11T10:05:02 IST" name="Third_TC" finished-at="2023-09-11T10:05:33 IST" duration-ms="31064" status="PASS">
          <reporter-output>
          </reporter-output>
        </test-method> <!-- Third_TC -->
      </class> <!-- TC_EXECUTION.TC_executioin_TNG -->
    </test> <!-- Default test -->
  </suite> <!-- Default suite -->
</testng-results>
